  ▲ Next.js 14.2.28
  - Local:        http://localhost:3000
  - Environments: .env
  - Experiments (use with caution):
    · outputFileTracingRoot

 ✓ Starting...
 ✓ Ready in 1922ms
 ○ Compiling / ...
 ✓ Compiled / in 3.5s (1109 modules)
 GET / 200 in 3756ms
 GET / 200 in 3932ms
 ✓ Compiled in 462ms (558 modules)
 GET / 200 in 57ms
 GET / 200 in 35ms
 GET / 200 in 30ms
 GET / 200 in 26ms
 ✓ Compiled /cadastrar in 447ms (1096 modules)
 ✓ Compiled /api/guests in 256ms (575 modules)
 POST /api/guests 201 in 479ms
 ✓ Compiled /sucesso in 306ms (1139 modules)
 ✓ Compiled / in 105ms (582 modules)
 ✓ Compiled /consultar in 490ms (1158 modules)
 GET /consultar?q=Eduardo 200 in 622ms
 ✓ Compiled /api/guests/search in 111ms (595 modules)
 GET /api/guests/search?q=Eduardo 200 in 231ms
 GET /api/guests/search?q=Eduardo 200 in 18ms
 ✓ Compiled /novo-checkin/[id] in 398ms (1170 modules)
 ✓ Compiled /api/guests/[id] in 132ms (604 modules)
 GET /api/guests/cmc2pp1ct0000v1zs2h0amnxw 200 in 501ms
 GET /api/guests/cmc2pp1ct0000v1zs2h0amnxw 200 in 25ms
 PUT /api/guests/cmc2pp1ct0000v1zs2h0amnxw 200 in 33ms
 GET /api/guests/search?q=eduardo 200 in 96ms
 GET / 200 in 81ms
 ✓ Compiled /admin in 456ms (1127 modules)
 GET /admin 200 in 586ms
 ✓ Compiled /api/auth/verify in 424ms (662 modules)
 GET /api/auth/verify 401 in 539ms
 GET /api/auth/verify 401 in 18ms
 ✓ Compiled /api/auth/login in 170ms (637 modules)
 POST /api/auth/login 200 in 429ms
 ○ Compiling /admin/dashboard ...
 ✓ Compiled /admin/dashboard in 720ms (1248 modules)
 GET /api/auth/verify 200 in 31ms
 GET /api/auth/verify 200 in 19ms
 ✓ Compiled /api/guests in 124ms (671 modules)
 GET /api/guests 200 in 235ms
 GET /api/guests 200 in 21ms
 ✓ Compiled in 563ms (591 modules)
 ✓ Compiled in 255ms (591 modules)
 ✓ Compiled in 260ms (591 modules)
 ✓ Compiled in 266ms (591 modules)
 ✓ Compiled in 283ms (591 modules)
 ✓ Compiled in 560ms (591 modules)
 ✓ Compiled in 554ms (591 modules)
 ✓ Compiled in 390ms (591 modules)
 ✓ Compiled in 359ms (591 modules)
 ✓ Compiled in 285ms (591 modules)
 ✓ Compiled in 306ms (591 modules)
 ✓ Compiled in 390ms (591 modules)
 ✓ Compiled in 310ms (591 modules)
 ✓ Compiled in 324ms (591 modules)
 ✓ Compiled in 334ms (591 modules)
 ✓ Compiled in 444ms (591 modules)
[?25h
