  ▲ Next.js 14.2.28
  - Local:        http://localhost:3000
  - Environments: .env
  - Experiments (use with caution):
    · outputFileTracingRoot

 ✓ Starting...
Attention: Next.js now collects completely anonymous telemetry regarding usage.
This information is used to shape Next.js' roadmap and prioritize features.
You can learn more, including how to opt-out if you'd not like to participate in this anonymous program, by visiting the following URL:
https://nextjs.org/telemetry

 ✓ Ready in 1356ms
 ○ Compiling / ...
 ✓ Compiled / in 3.8s (1109 modules)
 GET / 200 in 4243ms
 ✓ Compiled in 458ms (558 modules)
 ○ Compiling /cadastrar ...
 ✓ Compiled /cadastrar in 1933ms (1118 modules)
 GET / 200 in 2068ms
 GET /admin 200 in 2130ms
 GET /cadastrar 200 in 2130ms
 ✓ Compiled /api/auth/verify in 418ms (669 modules)
 GET /api/auth/verify 401 in 562ms
 GET /api/auth/verify 401 in 15ms
 GET / 200 in 75ms
 GET /admin 200 in 80ms
 GET /cadastrar 200 in 81ms
 GET / 200 in 62ms
 ✓ Compiled /api/guests in 139ms (672 modules)
 GET /api/guests 200 in 292ms
 ✓ Compiled /api/guests/search in 167ms (674 modules)
 GET /api/guests/search?q=teste 200 in 286ms
 GET /api/auth/verify 401 in 20ms
 ✓ Compiled in 299ms (1232 modules)
 ✓ Compiled in 284ms (570 modules)
 ✓ Compiled in 238ms (570 modules)
 ✓ Compiled in 257ms (570 modules)
[?25h
