  ▲ Next.js 14.2.28
  - Local:        http://localhost:3000
  - Environments: .env
  - Experiments (use with caution):
    · outputFileTracingRoot

 ✓ Starting...
 ✓ Ready in 2.2s
 ○ Compiling / ...
 ✓ Compiled / in 3s (1109 modules)
 GET / 200 in 3501ms
 ✓ Compiled in 453ms (558 modules)
 ○ Compiling /cadastrar ...
 ✓ Compiled /cadastrar in 1817ms (1118 modules)
 GET / 200 in 1974ms
 GET /cadastrar 200 in 1994ms
 GET /admin 200 in 1999ms
 ✓ Compiled /api/auth/verify in 276ms (669 modules)
 GET /api/auth/verify 401 in 416ms
 GET /api/auth/verify 401 in 18ms
 GET / 200 in 88ms
 GET /cadastrar 200 in 92ms
 GET /admin 200 in 94ms
 GET / 200 in 41ms
 GET /admin 200 in 39ms
 GET /api/auth/verify 401 in 21ms
 GET /api/auth/verify 401 in 18ms
 ✓ Compiled /api/auth/login in 149ms (674 modules)
 POST /api/auth/login 200 in 393ms
 ✓ Compiled /api/guests in 198ms (676 modules)
 GET /api/guests 200 in 315ms
 ✓ Compiled /api/stays in 149ms (678 modules)
 POST /api/stays 201 in 272ms
 ✓ Compiled /api/guests/[id] in 184ms (680 modules)
 GET /api/guests/cmc2pp1ct0000v1zs2h0amnxw 200 in 567ms
 ✓ Compiled in 354ms (570 modules)
 ✓ Compiled in 294ms (570 modules)
 ✓ Compiled in 241ms (570 modules)
[?25h
